
2011-11-16T20:15:20+01:00: DEBUG: Request:
2011-11-16T20:15:20+01:00: DEBUG: Array
(
    [controller] => applications
    [action] => new
    [edition_id] => 11
    [user_id] => 
    [nick] => TTT
    [password] => test
    [password_check] => test
    [name] => TOTOT
    [surname] => 
    [address] => 
    [phone] => 
    [email] => 
    [email_check] => 
    [show_email] => 0
    [country] => pl
    [school] => 
    [department] => 
    [degree_id] => 0
    [work_subject] => 
    [work_type_id] => 0
    [work_desc] => 
    [supervisor_degree] => 
    [supervisor] => 
    [graduation_time] => 
    [personal_data_agreement] => 0
    [file_1] => Array
        (
            [file_1Cache] => 
            [application_id] => 
            [file_id] => 
        )

    [MAX_FILE_SIZE] => 8388608
    [file_2] => Array
        (
            [file_2Cache] => 
            [application_id] => 
            [file_id] => 
        )

    [file_3] => Array
        (
            [file_3Cache] => 
            [application_id] => 
            [file_id] => 
        )

    [file_4] => Array
        (
            [file_4Cache] => 
            [application_id] => 
            [file_id] => 
        )

    [file_5] => Array
        (
            [file_5Cache] => 
            [application_id] => 
            [file_id] => 
        )

    [file_6] => Array
        (
            [file_6Cache] => 
            [application_id] => 
            [file_id] => 
        )

    [file_7] => Array
        (
            [file_7Cache] => 
            [application_id] => 
            [file_id] => 
        )

    [file_8] => Array
        (
            [file_8Cache] => 
            [application_id] => 
            [file_id] => 
        )

    [file_9] => Array
        (
            [file_9Cache] => 
            [application_id] => 
            [file_id] => 
        )

    [file_10] => Array
        (
            [file_10Cache] => 
            [application_id] => 
            [file_id] => 
        )

    [submit] => Submit project
)

2011-11-16T20:15:20+01:00: DEBUG: Form values:
2011-11-16T20:15:20+01:00: DEBUG: Array
(
    [edition_id] => 11
    [application_id] => 
    [country] => pl
    [school] => 
    [department] => 
    [degree_id] => 0
    [work_subject] => 
    [work_type_id] => 0
    [work_desc] => 
    [supervisor_degree] => 
    [supervisor] => 
    [graduation_time] => 
    [personal_data_agreement] => 0
    [user] => Array
        (
            [user_id] => 
            [nick] => TTT
            [password] => test
            [password_check] => test
            [name] => TOTOT
            [surname] => 
            [address] => 
            [phone] => 
            [email] => 
            [email_check] => 
            [show_email] => 0
        )

    [file_1] => Array
        (
            [application_id] => 
            [file_id] => 
            [file_1Cache] => 
            [file_1] => 
        )

    [file_2] => Array
        (
            [application_id] => 
            [file_id] => 
            [file_2Cache] => 
            [file_2] => 
        )

    [file_3] => Array
        (
            [application_id] => 
            [file_id] => 
            [file_3Cache] => 
            [file_3] => 
        )

    [file_4] => Array
        (
            [application_id] => 
            [file_id] => 
            [file_4Cache] => 
            [file_4] => 
        )

    [file_5] => Array
        (
            [application_id] => 
            [file_id] => 
            [file_5Cache] => 
            [file_5] => 
        )

    [file_6] => Array
        (
            [application_id] => 
            [file_id] => 
            [file_6Cache] => 
            [file_6] => 
        )

    [file_7] => Array
        (
            [application_id] => 
            [file_id] => 
            [file_7Cache] => 
            [file_7] => 
        )

    [file_8] => Array
        (
            [application_id] => 
            [file_id] => 
            [file_8Cache] => 
            [file_8] => 
        )

    [file_9] => Array
        (
            [application_id] => 
            [file_id] => 
            [file_9Cache] => 
            [file_9] => 
        )

    [file_10] => Array
        (
            [application_id] => 
            [file_id] => 
            [file_10Cache] => 
            [file_10] => 
        )

)

